modules/cue-native/android/build/intermediates/manifest_merge_blame_file/debug/processDebugManifest/manifest-merger-blame-debug-report.txt
1<?xml version="1.0" encoding="utf-8"?>
2<manifest xmlns:android="http://schemas.android.com/apk/res/android"
3    package="expo.modules.cuenative" >
4
5    <uses-sdk android:minSdkVersion="24" />
6
7    <uses-permission android:name="android.permission.FOREGROUND_SERVICE" />
7-->src/main/AndroidManifest.xml:2:3-75
7-->src/main/AndroidManifest.xml:2:20-72
8    <uses-permission android:name="android.permission.FOREGROUND_SERVICE_DATA_SYNC" />
8-->src/main/AndroidManifest.xml:3:3-85
8-->src/main/AndroidManifest.xml:3:20-82
9    <uses-permission android:name="android.permission.POST_NOTIFICATIONS" />
9-->src/main/AndroidManifest.xml:4:3-75
9-->src/main/AndroidManifest.xml:4:20-72
10    <uses-permission android:name="android.permission.WAKE_LOCK" />
10-->src/main/AndroidManifest.xml:5:3-66
10-->src/main/AndroidManifest.xml:5:20-63
11
12    <application>
12-->src/main/AndroidManifest.xml:7:3-12:17
13        <service
13-->src/main/AndroidManifest.xml:8:5-11:50
14            android:name="expo.modules.cuenative.CueHeartbeatService"
14-->src/main/AndroidManifest.xml:9:7-42
15            android:exported="false"
15-->src/main/AndroidManifest.xml:10:7-31
16            android:foregroundServiceType="dataSync" />
16-->src/main/AndroidManifest.xml:11:7-47
17    </application>
18
19</manifest>